<?xml version="1.0" encoding="UTF-8"?>
<testsuite xmlns:xsi="http://www.w3.org/2001/XMLSchema-instance" xsi:noNamespaceSchemaLocation="https://maven.apache.org/surefire/maven-surefire-plugin/xsd/surefire-test-report.xsd" name="fr.insa.laas.Avatar.AvatarApplicationTests" time="7.02" tests="1" errors="0" skipped="0" failures="0">
  <properties>
    <property name="awt.toolkit" value="sun.awt.X11.XToolkit"/>
    <property name="file.encoding.pkg" value="sun.io"/>
    <property name="java.specification.version" value="1.8"/>
    <property name="sun.cpu.isalist" value=""/>
    <property name="sun.jnu.encoding" value="UTF-8"/>
    <property name="java.class.path" value="/home/amel/Desktop/Avatar-Based/gitDirectory/Avatar/target/test-classes:/home/amel/Desktop/Avatar-Based/gitDirectory/Avatar/target/classes:/home/amel/.m2/repository/org/springframework/boot/spring-boot-starter-web/2.2.2.RELEASE/spring-boot-starter-web-2.2.2.RELEASE.jar:/home/amel/.m2/repository/org/springframework/boot/spring-boot-starter/2.2.2.RELEASE/spring-boot-starter-2.2.2.RELEASE.jar:/home/amel/.m2/repository/org/springframework/boot/spring-boot/2.2.2.RELEASE/spring-boot-2.2.2.RELEASE.jar:/home/amel/.m2/repository/org/springframework/boot/spring-boot-autoconfigure/2.2.2.RELEASE/spring-boot-autoconfigure-2.2.2.RELEASE.jar:/home/amel/.m2/repository/org/springframework/boot/spring-boot-starter-logging/2.2.2.RELEASE/spring-boot-starter-logging-2.2.2.RELEASE.jar:/home/amel/.m2/repository/ch/qos/logback/logback-classic/1.2.3/logback-classic-1.2.3.jar:/home/amel/.m2/repository/ch/qos/logback/logback-core/1.2.3/logback-core-1.2.3.jar:/home/amel/.m2/repository/org/apache/logging/log4j/log4j-to-slf4j/2.12.1/log4j-to-slf4j-2.12.1.jar:/home/amel/.m2/repository/org/apache/logging/log4j/log4j-api/2.12.1/log4j-api-2.12.1.jar:/home/amel/.m2/repository/org/slf4j/jul-to-slf4j/1.7.29/jul-to-slf4j-1.7.29.jar:/home/amel/.m2/repository/jakarta/annotation/jakarta.annotation-api/1.3.5/jakarta.annotation-api-1.3.5.jar:/home/amel/.m2/repository/org/yaml/snakeyaml/1.25/snakeyaml-1.25.jar:/home/amel/.m2/repository/org/springframework/boot/spring-boot-starter-json/2.2.2.RELEASE/spring-boot-starter-json-2.2.2.RELEASE.jar:/home/amel/.m2/repository/com/fasterxml/jackson/core/jackson-databind/2.10.1/jackson-databind-2.10.1.jar:/home/amel/.m2/repository/com/fasterxml/jackson/core/jackson-annotations/2.10.1/jackson-annotations-2.10.1.jar:/home/amel/.m2/repository/com/fasterxml/jackson/core/jackson-core/2.10.1/jackson-core-2.10.1.jar:/home/amel/.m2/repository/com/fasterxml/jackson/datatype/jackson-datatype-jdk8/2.10.1/jackson-datatype-jdk8-2.10.1.jar:/home/amel/.m2/repository/com/fasterxml/jackson/datatype/jackson-datatype-jsr310/2.10.1/jackson-datatype-jsr310-2.10.1.jar:/home/amel/.m2/repository/com/fasterxml/jackson/module/jackson-module-parameter-names/2.10.1/jackson-module-parameter-names-2.10.1.jar:/home/amel/.m2/repository/org/springframework/boot/spring-boot-starter-tomcat/2.2.2.RELEASE/spring-boot-starter-tomcat-2.2.2.RELEASE.jar:/home/amel/.m2/repository/org/apache/tomcat/embed/tomcat-embed-core/9.0.29/tomcat-embed-core-9.0.29.jar:/home/amel/.m2/repository/org/apache/tomcat/embed/tomcat-embed-el/9.0.29/tomcat-embed-el-9.0.29.jar:/home/amel/.m2/repository/org/apache/tomcat/embed/tomcat-embed-websocket/9.0.29/tomcat-embed-websocket-9.0.29.jar:/home/amel/.m2/repository/org/springframework/boot/spring-boot-starter-validation/2.2.2.RELEASE/spring-boot-starter-validation-2.2.2.RELEASE.jar:/home/amel/.m2/repository/jakarta/validation/jakarta.validation-api/2.0.1/jakarta.validation-api-2.0.1.jar:/home/amel/.m2/repository/org/hibernate/validator/hibernate-validator/6.0.18.Final/hibernate-validator-6.0.18.Final.jar:/home/amel/.m2/repository/org/jboss/logging/jboss-logging/3.4.1.Final/jboss-logging-3.4.1.Final.jar:/home/amel/.m2/repository/com/fasterxml/classmate/1.5.1/classmate-1.5.1.jar:/home/amel/.m2/repository/org/springframework/spring-web/5.2.2.RELEASE/spring-web-5.2.2.RELEASE.jar:/home/amel/.m2/repository/org/springframework/spring-beans/5.2.2.RELEASE/spring-beans-5.2.2.RELEASE.jar:/home/amel/.m2/repository/org/springframework/spring-webmvc/5.2.2.RELEASE/spring-webmvc-5.2.2.RELEASE.jar:/home/amel/.m2/repository/org/springframework/spring-aop/5.2.2.RELEASE/spring-aop-5.2.2.RELEASE.jar:/home/amel/.m2/repository/org/springframework/spring-context/5.2.2.RELEASE/spring-context-5.2.2.RELEASE.jar:/home/amel/.m2/repository/org/springframework/spring-expression/5.2.2.RELEASE/spring-expression-5.2.2.RELEASE.jar:/home/amel/.m2/repository/org/springframework/boot/spring-boot-starter-test/2.2.2.RELEASE/spring-boot-starter-test-2.2.2.RELEASE.jar:/home/amel/.m2/repository/org/springframework/boot/spring-boot-test/2.2.2.RELEASE/spring-boot-test-2.2.2.RELEASE.jar:/home/amel/.m2/repository/org/springframework/boot/spring-boot-test-autoconfigure/2.2.2.RELEASE/spring-boot-test-autoconfigure-2.2.2.RELEASE.jar:/home/amel/.m2/repository/com/jayway/jsonpath/json-path/2.4.0/json-path-2.4.0.jar:/home/amel/.m2/repository/net/minidev/json-smart/2.3/json-smart-2.3.jar:/home/amel/.m2/repository/net/minidev/accessors-smart/1.2/accessors-smart-1.2.jar:/home/amel/.m2/repository/org/ow2/asm/asm/5.0.4/asm-5.0.4.jar:/home/amel/.m2/repository/jakarta/xml/bind/jakarta.xml.bind-api/2.3.2/jakarta.xml.bind-api-2.3.2.jar:/home/amel/.m2/repository/jakarta/activation/jakarta.activation-api/1.2.1/jakarta.activation-api-1.2.1.jar:/home/amel/.m2/repository/org/junit/jupiter/junit-jupiter/5.5.2/junit-jupiter-5.5.2.jar:/home/amel/.m2/repository/org/junit/jupiter/junit-jupiter-api/5.5.2/junit-jupiter-api-5.5.2.jar:/home/amel/.m2/repository/org/apiguardian/apiguardian-api/1.1.0/apiguardian-api-1.1.0.jar:/home/amel/.m2/repository/org/opentest4j/opentest4j/1.2.0/opentest4j-1.2.0.jar:/home/amel/.m2/repository/org/junit/platform/junit-platform-commons/1.5.2/junit-platform-commons-1.5.2.jar:/home/amel/.m2/repository/org/junit/jupiter/junit-jupiter-params/5.5.2/junit-jupiter-params-5.5.2.jar:/home/amel/.m2/repository/org/junit/jupiter/junit-jupiter-engine/5.5.2/junit-jupiter-engine-5.5.2.jar:/home/amel/.m2/repository/org/junit/platform/junit-platform-engine/1.5.2/junit-platform-engine-1.5.2.jar:/home/amel/.m2/repository/org/mockito/mockito-junit-jupiter/3.1.0/mockito-junit-jupiter-3.1.0.jar:/home/amel/.m2/repository/org/assertj/assertj-core/3.13.2/assertj-core-3.13.2.jar:/home/amel/.m2/repository/org/hamcrest/hamcrest/2.1/hamcrest-2.1.jar:/home/amel/.m2/repository/org/mockito/mockito-core/3.1.0/mockito-core-3.1.0.jar:/home/amel/.m2/repository/net/bytebuddy/byte-buddy/1.10.4/byte-buddy-1.10.4.jar:/home/amel/.m2/repository/net/bytebuddy/byte-buddy-agent/1.10.4/byte-buddy-agent-1.10.4.jar:/home/amel/.m2/repository/org/objenesis/objenesis/2.6/objenesis-2.6.jar:/home/amel/.m2/repository/org/skyscreamer/jsonassert/1.5.0/jsonassert-1.5.0.jar:/home/amel/.m2/repository/com/vaadin/external/google/android-json/0.0.20131108.vaadin1/android-json-0.0.20131108.vaadin1.jar:/home/amel/.m2/repository/org/springframework/spring-core/5.2.2.RELEASE/spring-core-5.2.2.RELEASE.jar:/home/amel/.m2/repository/org/springframework/spring-jcl/5.2.2.RELEASE/spring-jcl-5.2.2.RELEASE.jar:/home/amel/.m2/repository/org/springframework/spring-test/5.2.2.RELEASE/spring-test-5.2.2.RELEASE.jar:/home/amel/.m2/repository/org/xmlunit/xmlunit-core/2.6.3/xmlunit-core-2.6.3.jar:/home/amel/.m2/repository/org/apache/jena/jena-shacl/3.13.1/jena-shacl-3.13.1.jar:/home/amel/.m2/repository/org/apache/jena/jena-arq/3.13.1/jena-arq-3.13.1.jar:/home/amel/.m2/repository/org/apache/jena/jena-core/3.13.1/jena-core-3.13.1.jar:/home/amel/.m2/repository/org/apache/jena/jena-iri/3.13.1/jena-iri-3.13.1.jar:/home/amel/.m2/repository/commons-cli/commons-cli/1.4/commons-cli-1.4.jar:/home/amel/.m2/repository/commons-codec/commons-codec/1.13/commons-codec-1.13.jar:/home/amel/.m2/repository/org/apache/jena/jena-base/3.13.1/jena-base-3.13.1.jar:/home/amel/.m2/repository/org/apache/commons/commons-csv/1.7/commons-csv-1.7.jar:/home/amel/.m2/repository/org/apache/commons/commons-compress/1.19/commons-compress-1.19.jar:/home/amel/.m2/repository/com/github/andrewoma/dexx/collection/0.7/collection-0.7.jar:/home/amel/.m2/repository/org/apache/jena/jena-shaded-guava/3.13.1/jena-shaded-guava-3.13.1.jar:/home/amel/.m2/repository/org/apache/httpcomponents/httpclient/4.5.10/httpclient-4.5.10.jar:/home/amel/.m2/repository/org/apache/httpcomponents/httpcore/4.4.12/httpcore-4.4.12.jar:/home/amel/.m2/repository/com/github/jsonld-java/jsonld-java/0.12.5/jsonld-java-0.12.5.jar:/home/amel/.m2/repository/commons-io/commons-io/2.6/commons-io-2.6.jar:/home/amel/.m2/repository/org/apache/httpcomponents/httpclient-cache/4.5.10/httpclient-cache-4.5.10.jar:/home/amel/.m2/repository/org/apache/thrift/libthrift/0.12.0/libthrift-0.12.0.jar:/home/amel/.m2/repository/org/slf4j/jcl-over-slf4j/1.7.29/jcl-over-slf4j-1.7.29.jar:/home/amel/.m2/repository/org/apache/commons/commons-lang3/3.9/commons-lang3-3.9.jar:/home/amel/.m2/repository/org/apache/jena/jena-tdb/3.13.1/jena-tdb-3.13.1.jar:/home/amel/.m2/repository/org/apache/jena/jena-tdb2/3.13.1/jena-tdb2-3.13.1.jar:/home/amel/.m2/repository/org/apache/jena/jena-dboe-storage/3.13.1/jena-dboe-storage-3.13.1.jar:/home/amel/.m2/repository/org/apache/jena/jena-dboe-trans-data/3.13.1/jena-dboe-trans-data-3.13.1.jar:/home/amel/.m2/repository/org/apache/jena/jena-dboe-transaction/3.13.1/jena-dboe-transaction-3.13.1.jar:/home/amel/.m2/repository/org/apache/jena/jena-dboe-base/3.13.1/jena-dboe-base-3.13.1.jar:/home/amel/.m2/repository/org/apache/jena/jena-dboe-index/3.13.1/jena-dboe-index-3.13.1.jar:/home/amel/.m2/repository/org/apache/jena/jena-rdfconnection/3.13.1/jena-rdfconnection-3.13.1.jar:/home/amel/.m2/repository/org/slf4j/slf4j-api/1.7.29/slf4j-api-1.7.29.jar:/home/amel/Desktop/Avatar-Based/gitDirectory/Avatar/libs/mooc-ipe-helper-1.0.0.jar:/home/amel/Desktop/Avatar-Based/gitDirectory/Avatar/libs/om2m-commons.jar:/home/amel/Desktop/Avatar-Based/gitDirectory/Avatar/libs/om2m-jaxb.jar:/home/amel/Desktop/Avatar-Based/gitDirectory/Avatar/libs/om2m-datamapping.jar:/home/amel/.m2/repository/org/eclipse/persistence/eclipselink/2.4.2/eclipselink-2.4.2.jar:/home/amel/.m2/repository/org/eclipse/persistence/javax.persistence/2.0.5/javax.persistence-2.0.5.jar:/home/amel/.m2/repository/org/eclipse/persistence/commonj.sdo/2.1.1/commonj.sdo-2.1.1.jar:"/>
    <property name="java.vm.vendor" value="Oracle Corporation"/>
    <property name="sun.arch.data.model" value="64"/>
    <property name="java.vendor.url" value="http://java.oracle.com/"/>
    <property name="user.timezone" value=""/>
    <property name="java.vm.specification.version" value="1.8"/>
    <property name="os.name" value="Linux"/>
    <property name="user.country" value="US"/>
    <property name="sun.java.launcher" value="SUN_STANDARD"/>
    <property name="sun.boot.library.path" value="/opt/java/jdk1.8.0_212/jre/lib/amd64"/>
    <property name="sun.java.command" value="/home/amel/Desktop/Avatar-Based/gitDirectory/Avatar/target/surefire/surefirebooter52837038446997804.jar /home/amel/Desktop/Avatar-Based/gitDirectory/Avatar/target/surefire 2020-02-22T13-29-31_854-jvmRun1 surefire90269837820314101tmp surefire_08118989936494144415tmp"/>
    <property name="surefire.test.class.path" value="/home/amel/Desktop/Avatar-Based/gitDirectory/Avatar/target/test-classes:/home/amel/Desktop/Avatar-Based/gitDirectory/Avatar/target/classes:/home/amel/.m2/repository/org/springframework/boot/spring-boot-starter-web/2.2.2.RELEASE/spring-boot-starter-web-2.2.2.RELEASE.jar:/home/amel/.m2/repository/org/springframework/boot/spring-boot-starter/2.2.2.RELEASE/spring-boot-starter-2.2.2.RELEASE.jar:/home/amel/.m2/repository/org/springframework/boot/spring-boot/2.2.2.RELEASE/spring-boot-2.2.2.RELEASE.jar:/home/amel/.m2/repository/org/springframework/boot/spring-boot-autoconfigure/2.2.2.RELEASE/spring-boot-autoconfigure-2.2.2.RELEASE.jar:/home/amel/.m2/repository/org/springframework/boot/spring-boot-starter-logging/2.2.2.RELEASE/spring-boot-starter-logging-2.2.2.RELEASE.jar:/home/amel/.m2/repository/ch/qos/logback/logback-classic/1.2.3/logback-classic-1.2.3.jar:/home/amel/.m2/repository/ch/qos/logback/logback-core/1.2.3/logback-core-1.2.3.jar:/home/amel/.m2/repository/org/apache/logging/log4j/log4j-to-slf4j/2.12.1/log4j-to-slf4j-2.12.1.jar:/home/amel/.m2/repository/org/apache/logging/log4j/log4j-api/2.12.1/log4j-api-2.12.1.jar:/home/amel/.m2/repository/org/slf4j/jul-to-slf4j/1.7.29/jul-to-slf4j-1.7.29.jar:/home/amel/.m2/repository/jakarta/annotation/jakarta.annotation-api/1.3.5/jakarta.annotation-api-1.3.5.jar:/home/amel/.m2/repository/org/yaml/snakeyaml/1.25/snakeyaml-1.25.jar:/home/amel/.m2/repository/org/springframework/boot/spring-boot-starter-json/2.2.2.RELEASE/spring-boot-starter-json-2.2.2.RELEASE.jar:/home/amel/.m2/repository/com/fasterxml/jackson/core/jackson-databind/2.10.1/jackson-databind-2.10.1.jar:/home/amel/.m2/repository/com/fasterxml/jackson/core/jackson-annotations/2.10.1/jackson-annotations-2.10.1.jar:/home/amel/.m2/repository/com/fasterxml/jackson/core/jackson-core/2.10.1/jackson-core-2.10.1.jar:/home/amel/.m2/repository/com/fasterxml/jackson/datatype/jackson-datatype-jdk8/2.10.1/jackson-datatype-jdk8-2.10.1.jar:/home/amel/.m2/repository/com/fasterxml/jackson/datatype/jackson-datatype-jsr310/2.10.1/jackson-datatype-jsr310-2.10.1.jar:/home/amel/.m2/repository/com/fasterxml/jackson/module/jackson-module-parameter-names/2.10.1/jackson-module-parameter-names-2.10.1.jar:/home/amel/.m2/repository/org/springframework/boot/spring-boot-starter-tomcat/2.2.2.RELEASE/spring-boot-starter-tomcat-2.2.2.RELEASE.jar:/home/amel/.m2/repository/org/apache/tomcat/embed/tomcat-embed-core/9.0.29/tomcat-embed-core-9.0.29.jar:/home/amel/.m2/repository/org/apache/tomcat/embed/tomcat-embed-el/9.0.29/tomcat-embed-el-9.0.29.jar:/home/amel/.m2/repository/org/apache/tomcat/embed/tomcat-embed-websocket/9.0.29/tomcat-embed-websocket-9.0.29.jar:/home/amel/.m2/repository/org/springframework/boot/spring-boot-starter-validation/2.2.2.RELEASE/spring-boot-starter-validation-2.2.2.RELEASE.jar:/home/amel/.m2/repository/jakarta/validation/jakarta.validation-api/2.0.1/jakarta.validation-api-2.0.1.jar:/home/amel/.m2/repository/org/hibernate/validator/hibernate-validator/6.0.18.Final/hibernate-validator-6.0.18.Final.jar:/home/amel/.m2/repository/org/jboss/logging/jboss-logging/3.4.1.Final/jboss-logging-3.4.1.Final.jar:/home/amel/.m2/repository/com/fasterxml/classmate/1.5.1/classmate-1.5.1.jar:/home/amel/.m2/repository/org/springframework/spring-web/5.2.2.RELEASE/spring-web-5.2.2.RELEASE.jar:/home/amel/.m2/repository/org/springframework/spring-beans/5.2.2.RELEASE/spring-beans-5.2.2.RELEASE.jar:/home/amel/.m2/repository/org/springframework/spring-webmvc/5.2.2.RELEASE/spring-webmvc-5.2.2.RELEASE.jar:/home/amel/.m2/repository/org/springframework/spring-aop/5.2.2.RELEASE/spring-aop-5.2.2.RELEASE.jar:/home/amel/.m2/repository/org/springframework/spring-context/5.2.2.RELEASE/spring-context-5.2.2.RELEASE.jar:/home/amel/.m2/repository/org/springframework/spring-expression/5.2.2.RELEASE/spring-expression-5.2.2.RELEASE.jar:/home/amel/.m2/repository/org/springframework/boot/spring-boot-starter-test/2.2.2.RELEASE/spring-boot-starter-test-2.2.2.RELEASE.jar:/home/amel/.m2/repository/org/springframework/boot/spring-boot-test/2.2.2.RELEASE/spring-boot-test-2.2.2.RELEASE.jar:/home/amel/.m2/repository/org/springframework/boot/spring-boot-test-autoconfigure/2.2.2.RELEASE/spring-boot-test-autoconfigure-2.2.2.RELEASE.jar:/home/amel/.m2/repository/com/jayway/jsonpath/json-path/2.4.0/json-path-2.4.0.jar:/home/amel/.m2/repository/net/minidev/json-smart/2.3/json-smart-2.3.jar:/home/amel/.m2/repository/net/minidev/accessors-smart/1.2/accessors-smart-1.2.jar:/home/amel/.m2/repository/org/ow2/asm/asm/5.0.4/asm-5.0.4.jar:/home/amel/.m2/repository/jakarta/xml/bind/jakarta.xml.bind-api/2.3.2/jakarta.xml.bind-api-2.3.2.jar:/home/amel/.m2/repository/jakarta/activation/jakarta.activation-api/1.2.1/jakarta.activation-api-1.2.1.jar:/home/amel/.m2/repository/org/junit/jupiter/junit-jupiter/5.5.2/junit-jupiter-5.5.2.jar:/home/amel/.m2/repository/org/junit/jupiter/junit-jupiter-api/5.5.2/junit-jupiter-api-5.5.2.jar:/home/amel/.m2/repository/org/apiguardian/apiguardian-api/1.1.0/apiguardian-api-1.1.0.jar:/home/amel/.m2/repository/org/opentest4j/opentest4j/1.2.0/opentest4j-1.2.0.jar:/home/amel/.m2/repository/org/junit/platform/junit-platform-commons/1.5.2/junit-platform-commons-1.5.2.jar:/home/amel/.m2/repository/org/junit/jupiter/junit-jupiter-params/5.5.2/junit-jupiter-params-5.5.2.jar:/home/amel/.m2/repository/org/junit/jupiter/junit-jupiter-engine/5.5.2/junit-jupiter-engine-5.5.2.jar:/home/amel/.m2/repository/org/junit/platform/junit-platform-engine/1.5.2/junit-platform-engine-1.5.2.jar:/home/amel/.m2/repository/org/mockito/mockito-junit-jupiter/3.1.0/mockito-junit-jupiter-3.1.0.jar:/home/amel/.m2/repository/org/assertj/assertj-core/3.13.2/assertj-core-3.13.2.jar:/home/amel/.m2/repository/org/hamcrest/hamcrest/2.1/hamcrest-2.1.jar:/home/amel/.m2/repository/org/mockito/mockito-core/3.1.0/mockito-core-3.1.0.jar:/home/amel/.m2/repository/net/bytebuddy/byte-buddy/1.10.4/byte-buddy-1.10.4.jar:/home/amel/.m2/repository/net/bytebuddy/byte-buddy-agent/1.10.4/byte-buddy-agent-1.10.4.jar:/home/amel/.m2/repository/org/objenesis/objenesis/2.6/objenesis-2.6.jar:/home/amel/.m2/repository/org/skyscreamer/jsonassert/1.5.0/jsonassert-1.5.0.jar:/home/amel/.m2/repository/com/vaadin/external/google/android-json/0.0.20131108.vaadin1/android-json-0.0.20131108.vaadin1.jar:/home/amel/.m2/repository/org/springframework/spring-core/5.2.2.RELEASE/spring-core-5.2.2.RELEASE.jar:/home/amel/.m2/repository/org/springframework/spring-jcl/5.2.2.RELEASE/spring-jcl-5.2.2.RELEASE.jar:/home/amel/.m2/repository/org/springframework/spring-test/5.2.2.RELEASE/spring-test-5.2.2.RELEASE.jar:/home/amel/.m2/repository/org/xmlunit/xmlunit-core/2.6.3/xmlunit-core-2.6.3.jar:/home/amel/.m2/repository/org/apache/jena/jena-shacl/3.13.1/jena-shacl-3.13.1.jar:/home/amel/.m2/repository/org/apache/jena/jena-arq/3.13.1/jena-arq-3.13.1.jar:/home/amel/.m2/repository/org/apache/jena/jena-core/3.13.1/jena-core-3.13.1.jar:/home/amel/.m2/repository/org/apache/jena/jena-iri/3.13.1/jena-iri-3.13.1.jar:/home/amel/.m2/repository/commons-cli/commons-cli/1.4/commons-cli-1.4.jar:/home/amel/.m2/repository/commons-codec/commons-codec/1.13/commons-codec-1.13.jar:/home/amel/.m2/repository/org/apache/jena/jena-base/3.13.1/jena-base-3.13.1.jar:/home/amel/.m2/repository/org/apache/commons/commons-csv/1.7/commons-csv-1.7.jar:/home/amel/.m2/repository/org/apache/commons/commons-compress/1.19/commons-compress-1.19.jar:/home/amel/.m2/repository/com/github/andrewoma/dexx/collection/0.7/collection-0.7.jar:/home/amel/.m2/repository/org/apache/jena/jena-shaded-guava/3.13.1/jena-shaded-guava-3.13.1.jar:/home/amel/.m2/repository/org/apache/httpcomponents/httpclient/4.5.10/httpclient-4.5.10.jar:/home/amel/.m2/repository/org/apache/httpcomponents/httpcore/4.4.12/httpcore-4.4.12.jar:/home/amel/.m2/repository/com/github/jsonld-java/jsonld-java/0.12.5/jsonld-java-0.12.5.jar:/home/amel/.m2/repository/commons-io/commons-io/2.6/commons-io-2.6.jar:/home/amel/.m2/repository/org/apache/httpcomponents/httpclient-cache/4.5.10/httpclient-cache-4.5.10.jar:/home/amel/.m2/repository/org/apache/thrift/libthrift/0.12.0/libthrift-0.12.0.jar:/home/amel/.m2/repository/org/slf4j/jcl-over-slf4j/1.7.29/jcl-over-slf4j-1.7.29.jar:/home/amel/.m2/repository/org/apache/commons/commons-lang3/3.9/commons-lang3-3.9.jar:/home/amel/.m2/repository/org/apache/jena/jena-tdb/3.13.1/jena-tdb-3.13.1.jar:/home/amel/.m2/repository/org/apache/jena/jena-tdb2/3.13.1/jena-tdb2-3.13.1.jar:/home/amel/.m2/repository/org/apache/jena/jena-dboe-storage/3.13.1/jena-dboe-storage-3.13.1.jar:/home/amel/.m2/repository/org/apache/jena/jena-dboe-trans-data/3.13.1/jena-dboe-trans-data-3.13.1.jar:/home/amel/.m2/repository/org/apache/jena/jena-dboe-transaction/3.13.1/jena-dboe-transaction-3.13.1.jar:/home/amel/.m2/repository/org/apache/jena/jena-dboe-base/3.13.1/jena-dboe-base-3.13.1.jar:/home/amel/.m2/repository/org/apache/jena/jena-dboe-index/3.13.1/jena-dboe-index-3.13.1.jar:/home/amel/.m2/repository/org/apache/jena/jena-rdfconnection/3.13.1/jena-rdfconnection-3.13.1.jar:/home/amel/.m2/repository/org/slf4j/slf4j-api/1.7.29/slf4j-api-1.7.29.jar:/home/amel/Desktop/Avatar-Based/gitDirectory/Avatar/libs/mooc-ipe-helper-1.0.0.jar:/home/amel/Desktop/Avatar-Based/gitDirectory/Avatar/libs/om2m-commons.jar:/home/amel/Desktop/Avatar-Based/gitDirectory/Avatar/libs/om2m-jaxb.jar:/home/amel/Desktop/Avatar-Based/gitDirectory/Avatar/libs/om2m-datamapping.jar:/home/amel/.m2/repository/org/eclipse/persistence/eclipselink/2.4.2/eclipselink-2.4.2.jar:/home/amel/.m2/repository/org/eclipse/persistence/javax.persistence/2.0.5/javax.persistence-2.0.5.jar:/home/amel/.m2/repository/org/eclipse/persistence/commonj.sdo/2.1.1/commonj.sdo-2.1.1.jar:"/>
    <property name="sun.cpu.endian" value="little"/>
    <property name="user.home" value="/home/amel"/>
    <property name="user.language" value="en"/>
    <property name="java.specification.vendor" value="Oracle Corporation"/>
    <property name="java.home" value="/opt/java/jdk1.8.0_212/jre"/>
    <property name="basedir" value="/home/amel/Desktop/Avatar-Based/gitDirectory/Avatar"/>
    <property name="file.separator" value="/"/>
    <property name="line.separator" value="&#10;"/>
    <property name="java.vm.specification.vendor" value="Oracle Corporation"/>
    <property name="java.specification.name" value="Java Platform API Specification"/>
    <property name="java.awt.graphicsenv" value="sun.awt.X11GraphicsEnvironment"/>
    <property name="surefire.real.class.path" value="/home/amel/Desktop/Avatar-Based/gitDirectory/Avatar/target/surefire/surefirebooter52837038446997804.jar"/>
    <property name="sun.boot.class.path" value="/opt/java/jdk1.8.0_212/jre/lib/resources.jar:/opt/java/jdk1.8.0_212/jre/lib/rt.jar:/opt/java/jdk1.8.0_212/jre/lib/sunrsasign.jar:/opt/java/jdk1.8.0_212/jre/lib/jsse.jar:/opt/java/jdk1.8.0_212/jre/lib/jce.jar:/opt/java/jdk1.8.0_212/jre/lib/charsets.jar:/opt/java/jdk1.8.0_212/jre/lib/jfr.jar:/opt/java/jdk1.8.0_212/jre/classes"/>
    <property name="sun.management.compiler" value="HotSpot 64-Bit Tiered Compilers"/>
    <property name="java.runtime.version" value="1.8.0_212-b10"/>
    <property name="user.name" value="amel"/>
    <property name="path.separator" value=":"/>
    <property name="os.version" value="5.0.0-38-generic"/>
    <property name="java.endorsed.dirs" value="/opt/java/jdk1.8.0_212/jre/lib/endorsed"/>
    <property name="java.runtime.name" value="Java(TM) SE Runtime Environment"/>
    <property name="file.encoding" value="UTF-8"/>
    <property name="java.vm.name" value="Java HotSpot(TM) 64-Bit Server VM"/>
    <property name="localRepository" value="/home/amel/.m2/repository"/>
    <property name="java.vendor.url.bug" value="http://bugreport.sun.com/bugreport/"/>
    <property name="java.io.tmpdir" value="/tmp"/>
    <property name="java.version" value="1.8.0_212"/>
    <property name="user.dir" value="/home/amel/Desktop/Avatar-Based/gitDirectory/Avatar"/>
    <property name="os.arch" value="amd64"/>
    <property name="java.vm.specification.name" value="Java Virtual Machine Specification"/>
    <property name="java.awt.printerjob" value="sun.print.PSPrinterJob"/>
    <property name="sun.os.patch.level" value="unknown"/>
    <property name="java.library.path" value="/usr/java/packages/lib/amd64:/usr/lib64:/lib64:/lib:/usr/lib"/>
    <property name="java.vm.info" value="mixed mode"/>
    <property name="java.vendor" value="Oracle Corporation"/>
    <property name="java.vm.version" value="25.212-b10"/>
    <property name="java.ext.dirs" value="/opt/java/jdk1.8.0_212/jre/lib/ext:/usr/java/packages/lib/ext"/>
    <property name="sun.io.unicode.encoding" value="UnicodeLittle"/>
    <property name="java.class.version" value="52.0"/>
  </properties>
  <testcase name="contextLoads" classname="fr.insa.laas.Avatar.AvatarApplicationTests" time="0.499"/>
</testsuite>